102.06.14 14:14 B F:\Websites\IAABO\meeting\cruise.pdf --> ftp.checksix.net /d:/webservers/iaab/meeting cruise.pdf
102.06.14 14:14 B F:\Websites\IAABO\meeting\golf.pdf --> ftp.checksix.net /d:/webservers/iaab/meeting golf.pdf
102.06.14 14:14 B F:\Websites\IAABO\meeting\lobster.pdf --> ftp.checksix.net /d:/webservers/iaab/meeting lobster.pdf
102.07.02 08:52 B F:\Websites\IAABO\meeting\lobster.pdf --> ftp.checksix.net /d:/webservers/iaab/meeting lobster.pdf
102.07.02 08:52 B F:\Websites\IAABO\meeting\cruise.pdf --> ftp.checksix.net /d:/webservers/iaab/meeting cruise.pdf
102.07.02 09:27 B F:\Websites\IAABO\meeting\ad_rates.pdf --> ftp.checksix.net /d:/webservers/iaab/meeting ad_rates.pdf
102.07.02 15:27 B f:\Websites\IAABO\meeting\ad_rates.pdf --> ftp.checksix.net /d:/webservers/iaab/meeting ad_rates.pdf
102.07.09 12:41 B f:\Websites\IAABO\meeting\hotel.pdf --> ftp.checksix.net /d:/webservers/iaab/meeting hotel.pdf
102.07.18 08:26 B f:\Websites\IAABO\meeting\breakfast.pdf --> ftp.checksix.net /d:/webservers/iaab/meeting breakfast.pdf
102.07.18 08:54 B f:\Websites\IAABO\meeting\ad_rates.pdf --> ftp.checksix.net /d:/webservers/iaab/meeting ad_rates.pdf
102.07.22 13:10 B f:\websites\IAABO\meeting\breakfast.pdf --> ftp.checksix.net /d:/webservers/iaab/meeting breakfast.pdf
102.08.26 11:38 B f:\internet\websites\IAABO\meeting\cruise-rev.pdf --> ftp.checksix.net /d:/webservers/iaab/meeting cruise-rev.pdf
102.09.12 16:18 B F:\Internet\Websites\IAABO\meeting\daycruise.pdf --> ftp.checksix.net /d:/webservers/iaab/meeting daycruise.pdf
102.09.12 16:25 B F:\Internet\Websites\IAABO\meeting\daycruise.pdf --> ftp.checksix.net /d:/webservers/iaab/meeting daycruise.pdf
102.10.07 14:26 B f:\Internet\Websites\IAABO\meeting\meeting_3.htm --> ftp.checksix.net /d:/webservers/iaab/meeting meeting_3.htm
102.10.07 14:26 B f:\Internet\Websites\IAABO\meeting\meeting_2.htm --> ftp.checksix.net /d:/webservers/iaab/meeting meeting_2.htm
102.10.07 14:26 B f:\Internet\Websites\IAABO\meeting\Thumbs.db --> ftp.checksix.net /d:/webservers/iaab/meeting Thumbs.db
102.10.07 14:26 B f:\Internet\Websites\IAABO\meeting\meeting4.htm --> ftp.checksix.net /d:/webservers/iaab/meeting meeting4.htm
102.10.07 14:26 B f:\Internet\Websites\IAABO\meeting\meeting_1.htm --> ftp.checksix.net /d:/webservers/iaab/meeting meeting_1.htm
102.10.07 14:26 B f:\Internet\Websites\IAABO\meeting\WS_FTP.LOG --> ftp.checksix.net /d:/webservers/iaab/meeting WS_FTP.LOG
102.10.07 14:26 B f:\Internet\Websites\IAABO\meeting\daycruise.pdf --> ftp.checksix.net /d:/webservers/iaab/meeting daycruise.pdf
102.10.07 14:26 B f:\Internet\Websites\IAABO\meeting\daycruise.gif --> ftp.checksix.net /d:/webservers/iaab/meeting daycruise.gif
102.10.07 14:26 B f:\Internet\Websites\IAABO\meeting\cruise-rev.pdf --> ftp.checksix.net /d:/webservers/iaab/meeting cruise-rev.pdf
102.10.07 14:26 B f:\Internet\Websites\IAABO\meeting\breakfast.pdf --> ftp.checksix.net /d:/webservers/iaab/meeting breakfast.pdf
102.10.07 14:26 B f:\Internet\Websites\IAABO\meeting\ad_rates.pdf --> ftp.checksix.net /d:/webservers/iaab/meeting ad_rates.pdf
102.10.07 14:26 B f:\Internet\Websites\IAABO\meeting\hotel.pdf --> ftp.checksix.net /d:/webservers/iaab/meeting hotel.pdf
102.10.07 14:26 B f:\Internet\Websites\IAABO\meeting\lobster.pdf --> ftp.checksix.net /d:/webservers/iaab/meeting lobster.pdf
102.10.07 14:26 B f:\Internet\Websites\IAABO\meeting\cruise.pdf --> ftp.checksix.net /d:/webservers/iaab/meeting cruise.pdf
102.10.07 14:26 B f:\Internet\Websites\IAABO\meeting\golf.pdf --> ftp.checksix.net /d:/webservers/iaab/meeting golf.pdf
102.10.07 14:27 B f:\Internet\Websites\IAABO\meeting\meeting_3.htm --> ftp.checksix.net /d:/webservers/iaab/meeting meeting_3.htm
102.10.07 14:27 B f:\Internet\Websites\IAABO\meeting\meeting_2.htm --> ftp.checksix.net /d:/webservers/iaab/meeting meeting_2.htm
102.10.07 14:27 B f:\Internet\Websites\IAABO\meeting\meeting_1.htm --> ftp.checksix.net /d:/webservers/iaab/meeting meeting_1.htm
102.10.07 14:28 B f:\Internet\Websites\IAABO\meeting\meeting_1.htm --> ftp.checksix.net /d:/webservers/iaab/meeting meeting_1.htm
102.10.07 14:29 B f:\Internet\Websites\IAABO\meeting\meeting_1.htm --> ftp.checksix.net /d:/webservers/iaab/meeting meeting_1.htm
102.10.07 14:29 B f:\Internet\Websites\IAABO\meeting\meeting_2.htm --> ftp.checksix.net /d:/webservers/iaab/meeting meeting_2.htm
102.10.07 14:30 B f:\Internet\Websites\IAABO\meeting\meeting_2.htm --> ftp.checksix.net /d:/webservers/iaab/meeting meeting_2.htm
102.10.07 14:30 B f:\Internet\Websites\IAABO\meeting\meeting_2.htm --> ftp.checksix.net /d:/webservers/iaab/meeting meeting_2.htm
102.10.07 14:32 B f:\Internet\Websites\IAABO\meeting\meeting_2.htm --> ftp.checksix.net /d:/webservers/iaab/meeting meeting_2.htm
102.10.07 14:32 B f:\Internet\Websites\IAABO\meeting\meeting_2.htm --> ftp.checksix.net /d:/webservers/iaab/meeting meeting_2.htm
102.10.07 14:33 B f:\Internet\Websites\IAABO\meeting\meeting_3.htm --> ftp.checksix.net /d:/webservers/iaab/meeting meeting_3.htm
102.10.07 14:33 B f:\Internet\Websites\IAABO\meeting\meeting_2.htm --> ftp.checksix.net /d:/webservers/iaab/meeting meeting_2.htm
102.10.07 14:33 B f:\Internet\Websites\IAABO\meeting\meeting_1.htm --> ftp.checksix.net /d:/webservers/iaab/meeting meeting_1.htm
102.10.07 14:36 B f:\Internet\Websites\IAABO\meeting\meeting_3.htm --> ftp.checksix.net /d:/webservers/iaab/meeting meeting_3.htm
102.10.07 14:36 B f:\Internet\Websites\IAABO\meeting\meeting_2.htm --> ftp.checksix.net /d:/webservers/iaab/meeting meeting_2.htm
102.10.07 14:36 B f:\Internet\Websites\IAABO\meeting\meeting_1.htm --> ftp.checksix.net /d:/webservers/iaab/meeting meeting_1.htm
102.11.20 08:18 B f:\Internet\Websites\IAABO\meeting\fall_conference-schedule11-02.htm --> ftp.checksix.net /d:/webservers/iaab/meeting fall_conference-schedule11-02.htm
102.11.20 08:19 B f:\Internet\Websites\IAABO\meeting\fall_conference-schedule11-02.htm --> ftp.checksix.net /d:/webservers/iaab/meeting fall_conference-schedule11-02.htm
102.11.20 08:23 B f:\Internet\Websites\IAABO\meeting\fall_conference-schedule11-02.htm --> ftp.checksix.net /d:/webservers/iaab/meeting fall_conference-schedule11-02.htm
102.11.20 08:23 B f:\Internet\Websites\IAABO\meeting\fall_conference-schedule11-02.htm --> ftp.checksix.net /d:/webservers/iaab/meeting fall_conference-schedule11-02.htm
102.12.27 13:17 B f:\Internet\Websites\IAABO\meeting\meeting_3.htm --> ftp.checksix.net /d:/webservers/iaab/meeting meeting_3.htm
102.12.27 13:17 B f:\Internet\Websites\IAABO\meeting\meeting_1.htm --> ftp.checksix.net /d:/webservers/iaab/meeting meeting_1.htm
102.12.27 13:17 B f:\Internet\Websites\IAABO\meeting\meeting_2.htm --> ftp.checksix.net /d:/webservers/iaab/meeting meeting_2.htm
103.02.05 10:06 B f:\Internet\Websites\IAABO\meeting\meeting_3.htm --> ftp.checksix.net /d:/webservers/iaab/meeting meeting_3.htm
103.02.05 10:06 B f:\Internet\Websites\IAABO\meeting\meeting_2.htm --> ftp.checksix.net /d:/webservers/iaab/meeting meeting_2.htm
103.02.05 10:06 B f:\Internet\Websites\IAABO\meeting\meeting_1.htm --> ftp.checksix.net /d:/webservers/iaab/meeting meeting_1.htm
103.02.05 10:06 B f:\Internet\Websites\IAABO\meeting\meeting4.htm --> ftp.checksix.net /d:/webservers/iaab/meeting meeting4.htm
103.02.05 10:06 B f:\Internet\Websites\IAABO\meeting\fall_conference-schedule11-02.htm --> ftp.checksix.net /d:/webservers/iaab/meeting fall_conference-schedule11-02.htm
103.02.06 15:22 B f:\Internet\Websites\IAABO\meeting\meeting_2.htm --> ftp.checksix.net /d:/webservers/iaab/meeting meeting_2.htm
103.02.06 15:22 B f:\Internet\Websites\IAABO\meeting\meeting4.htm --> ftp.checksix.net /d:/webservers/iaab/meeting meeting4.htm
103.04.24 11:49 B f:\Internet\Websites\IAABO\events\meeting\ad_rates.pdf --> ftp.checksix.net /d:/webservers/iaab/events/meeting ad_rates.pdf
103.04.24 11:49 B f:\Internet\Websites\IAABO\events\meeting\breakfast.pdf --> ftp.checksix.net /d:/webservers/iaab/events/meeting breakfast.pdf
103.04.24 11:49 B f:\Internet\Websites\IAABO\events\meeting\cruise-rev.pdf --> ftp.checksix.net /d:/webservers/iaab/events/meeting cruise-rev.pdf
103.04.24 11:49 B f:\Internet\Websites\IAABO\events\meeting\cruise.pdf --> ftp.checksix.net /d:/webservers/iaab/events/meeting cruise.pdf
103.04.24 11:49 B f:\Internet\Websites\IAABO\events\meeting\daycruise.gif --> ftp.checksix.net /d:/webservers/iaab/events/meeting daycruise.gif
103.04.24 11:49 B f:\Internet\Websites\IAABO\events\meeting\daycruise.pdf --> ftp.checksix.net /d:/webservers/iaab/events/meeting daycruise.pdf
103.04.24 11:49 B f:\Internet\Websites\IAABO\events\meeting\fall_conference-schedule11-02.htm --> ftp.checksix.net /d:/webservers/iaab/events/meeting fall_conference-schedule11-02.htm
103.04.24 11:49 B f:\Internet\Websites\IAABO\events\meeting\golf.pdf --> ftp.checksix.net /d:/webservers/iaab/events/meeting golf.pdf
103.04.24 11:49 B f:\Internet\Websites\IAABO\events\meeting\hotel.pdf --> ftp.checksix.net /d:/webservers/iaab/events/meeting hotel.pdf
103.04.24 11:49 B f:\Internet\Websites\IAABO\events\meeting\lobster.pdf --> ftp.checksix.net /d:/webservers/iaab/events/meeting lobster.pdf
103.04.24 11:49 B f:\Internet\Websites\IAABO\events\meeting\meeting4.htm --> ftp.checksix.net /d:/webservers/iaab/events/meeting meeting4.htm
103.04.24 11:49 B f:\Internet\Websites\IAABO\events\meeting\meeting_1.htm --> ftp.checksix.net /d:/webservers/iaab/events/meeting meeting_1.htm
103.04.24 11:49 B f:\Internet\Websites\IAABO\events\meeting\meeting_2.htm --> ftp.checksix.net /d:/webservers/iaab/events/meeting meeting_2.htm
103.04.24 11:49 B f:\Internet\Websites\IAABO\events\meeting\meeting_3.htm --> ftp.checksix.net /d:/webservers/iaab/events/meeting meeting_3.htm
103.04.24 11:49 B f:\Internet\Websites\IAABO\events\meeting\Thumbs.db --> ftp.checksix.net /d:/webservers/iaab/events/meeting Thumbs.db
103.04.24 11:50 B f:\Internet\Websites\IAABO\events\meeting\WS_FTP.LOG --> ftp.checksix.net /d:/webservers/iaab/events/meeting WS_FTP.LOG
