102.06.12 09:35 B F:\Websites\IAABO\default.htm <-- IAABO /d:/webservers/iaab default.htm
102.06.12 09:41 B F:\Websites\IAABO\b-ball.gif <-- IAABO /d:/webservers/iaab b-ball.gif
102.06.12 09:41 B F:\Websites\IAABO\bballbg.jpg <-- IAABO /d:/webservers/iaab bballbg.jpg
102.06.12 09:41 B F:\Websites\IAABO\bballlhome.gif <-- IAABO /d:/webservers/iaab bballlhome.gif
102.06.12 09:41 B F:\Websites\IAABO\bballnews.gif <-- IAABO /d:/webservers/iaab bballnews.gif
102.06.12 09:41 B F:\Websites\IAABO\bballrules.gif <-- IAABO /d:/webservers/iaab bballrules.gif
102.06.12 09:41 B F:\Websites\IAABO\bballschools.gif <-- IAABO /d:/webservers/iaab bballschools.gif
102.06.12 09:41 B F:\Websites\IAABO\c6power.gif <-- IAABO /d:/webservers/iaab c6power.gif
102.06.12 09:41 B F:\Websites\IAABO\checksix_logo.gif <-- IAABO /d:/webservers/iaab checksix_logo.gif
102.06.12 09:41 B F:\Websites\IAABO\default.htm <-- IAABO /d:/webservers/iaab default.htm
102.06.12 09:41 B F:\Websites\IAABO\iaabo111logo.gif <-- IAABO /d:/webservers/iaab iaabo111logo.gif
102.06.12 09:41 B F:\Websites\IAABO\iaabologo.gif <-- IAABO /d:/webservers/iaab iaabologo.gif
102.06.12 09:41 B F:\Websites\IAABO\news.htm <-- IAABO /d:/webservers/iaab news.htm
102.06.12 09:41 B F:\Websites\IAABO\rules.htm <-- IAABO /d:/webservers/iaab rules.htm
102.06.12 09:41 B F:\Websites\IAABO\schools.htm <-- IAABO /d:/webservers/iaab schools.htm
102.06.14 14:14 B F:\Websites\IAABO\index.htm --> ftp.checksix.net /d:/webservers/iaab index.htm
102.06.14 14:14 B F:\Websites\IAABO\meeting.htm --> ftp.checksix.net /d:/webservers/iaab meeting.htm
102.06.14 14:14 B F:\Websites\IAABO\news.htm --> ftp.checksix.net /d:/webservers/iaab news.htm
102.06.14 14:14 B F:\Websites\IAABO\rules.htm --> ftp.checksix.net /d:/webservers/iaab rules.htm
102.06.14 14:14 B F:\Websites\IAABO\schools.htm --> ftp.checksix.net /d:/webservers/iaab schools.htm
102.06.14 14:16 B F:\Websites\IAABO\default.htm --> ftp.checksix.net /d:/webservers/iaab default.htm
102.06.14 14:17 B F:\Websites\IAABO\rules.htm --> ftp.checksix.net /d:/webservers/iaab rules.htm
102.06.14 14:18 B F:\Websites\IAABO\rules.htm --> ftp.checksix.net /d:/webservers/iaab rules.htm
102.06.14 14:30 B F:\Websites\IAABO\rules.htm --> ftp.checksix.net /d:/webservers/iaab rules.htm
102.06.14 14:30 B F:\Websites\IAABO\news.htm --> ftp.checksix.net /d:/webservers/iaab news.htm
102.06.14 14:30 B F:\Websites\IAABO\meeting.htm --> ftp.checksix.net /d:/webservers/iaab meeting.htm
102.06.14 14:30 B F:\Websites\IAABO\default.htm --> ftp.checksix.net /d:/webservers/iaab default.htm
102.06.14 14:30 B F:\Websites\IAABO\schools.htm --> ftp.checksix.net /d:/webservers/iaab schools.htm
102.07.02 09:27 B F:\Websites\IAABO\default.htm --> ftp.checksix.net /d:/webservers/iaab default.htm
102.07.02 09:27 B F:\Websites\IAABO\meeting.htm --> ftp.checksix.net /d:/webservers/iaab meeting.htm
102.07.02 15:00 B F:\Websites\IAABO\meeting.htm --> ftp.checksix.net /d:/webservers/iaab meeting.htm
102.07.09 12:41 B f:\Websites\IAABO\meeting.htm --> ftp.checksix.net /d:/webservers/iaab meeting.htm
102.07.09 12:46 B f:\Websites\IAABO\meeting.htm --> ftp.checksix.net /d:/webservers/iaab meeting.htm
102.07.18 08:26 B f:\Websites\IAABO\default.htm --> ftp.checksix.net /d:/webservers/iaab default.htm
102.07.18 08:26 B f:\Websites\IAABO\meeting.htm --> ftp.checksix.net /d:/webservers/iaab meeting.htm
102.07.18 08:36 B f:\Websites\IAABO\default.htm --> ftp.checksix.net /d:/webservers/iaab default.htm
102.07.18 08:36 B f:\Websites\IAABO\meeting.htm --> ftp.checksix.net /d:/webservers/iaab meeting.htm
102.07.18 08:39 B f:\Websites\IAABO\default.htm --> ftp.checksix.net /d:/webservers/iaab default.htm
102.07.22 13:10 B f:\websites\IAABO\news.htm --> ftp.checksix.net /d:/webservers/iaab news.htm
102.08.23 11:32 B F:\Internet\Websites\IAABO\meeting.htm --> ftp.checksix.net /d:/webservers/iaab meeting.htm
102.08.26 11:38 B f:\internet\websites\IAABO\default.htm --> ftp.checksix.net /d:/webservers/iaab default.htm
102.08.26 11:38 B f:\internet\websites\IAABO\meeting.htm --> ftp.checksix.net /d:/webservers/iaab meeting.htm
102.08.26 11:38 B f:\internet\websites\IAABO\news.htm --> ftp.checksix.net /d:/webservers/iaab news.htm
102.08.28 09:04 B f:\internet\websites\IAABO\default.htm --> ftp.checksix.net /d:/webservers/iaab default.htm
102.09.12 16:17 B F:\Internet\Websites\IAABO\meeting.htm --> ftp.checksix.net /d:/webservers/iaab meeting.htm
102.09.12 16:17 B F:\Internet\Websites\IAABO\default.htm --> ftp.checksix.net /d:/webservers/iaab default.htm
102.09.12 16:19 B F:\Internet\Websites\IAABO\meeting.htm --> ftp.checksix.net /d:/webservers/iaab meeting.htm
102.10.01 15:26 B F:\Internet\Websites\IAABO\news.htm --> ftp.checksix.net /d:/webservers/iaab news.htm
102.10.01 15:26 B F:\Internet\Websites\IAABO\default.htm --> ftp.checksix.net /d:/webservers/iaab default.htm
102.10.01 15:26 B F:\Internet\Websites\IAABO\meeting.htm --> ftp.checksix.net /d:/webservers/iaab meeting.htm
102.10.01 15:28 B F:\Internet\Websites\IAABO\default.htm --> ftp.checksix.net /d:/webservers/iaab default.htm
102.10.01 15:29 B F:\Internet\Websites\IAABO\meeting.htm --> ftp.checksix.net /d:/webservers/iaab meeting.htm
102.10.01 15:29 B F:\Internet\Websites\IAABO\meeting.htm --> ftp.checksix.net /d:/webservers/iaab meeting.htm
102.10.01 15:30 B F:\Internet\Websites\IAABO\default.htm --> ftp.checksix.net /d:/webservers/iaab default.htm
102.10.01 15:31 B F:\Internet\Websites\IAABO\news.htm --> ftp.checksix.net /d:/webservers/iaab news.htm
102.10.01 15:35 B F:\Internet\Websites\IAABO\news.htm --> ftp.checksix.net /d:/webservers/iaab news.htm
102.10.01 15:50 B F:\Internet\Websites\IAABO\schools.htm --> ftp.checksix.net /d:/webservers/iaab schools.htm
102.10.01 15:50 B F:\Internet\Websites\IAABO\rules.htm --> ftp.checksix.net /d:/webservers/iaab rules.htm
102.10.01 15:50 B F:\Internet\Websites\IAABO\meeting.htm --> ftp.checksix.net /d:/webservers/iaab meeting.htm
102.10.01 15:50 B F:\Internet\Websites\IAABO\news.htm --> ftp.checksix.net /d:/webservers/iaab news.htm
102.10.01 15:50 B F:\Internet\Websites\IAABO\default.htm --> ftp.checksix.net /d:/webservers/iaab default.htm
102.10.07 14:24 B f:\Internet\Websites\IAABO\default.htm --> ftp.checksix.net /d:/webservers/iaab default.htm
102.10.07 14:24 B f:\Internet\Websites\IAABO\meeting.htm --> ftp.checksix.net /d:/webservers/iaab meeting.htm
102.10.30 10:08 B f:\Internet\Websites\IAABO\default.htm --> ftp.checksix.net /d:/webservers/iaab default.htm
102.11.15 09:48 B f:\Internet\Websites\IAABO\news.htm --> ftp.checksix.net /d:/webservers/iaab news.htm
102.11.20 08:20 B f:\Internet\Websites\IAABO\default.htm --> ftp.checksix.net /d:/webservers/iaab default.htm
102.11.20 08:20 B f:\Internet\Websites\IAABO\news.htm --> ftp.checksix.net /d:/webservers/iaab news.htm
102.12.02 08:49 B f:\Internet\Websites\IAABO\default.htm --> ftp.checksix.net /d:/webservers/iaab default.htm
102.12.02 08:49 B f:\Internet\Websites\IAABO\news.htm --> ftp.checksix.net /d:/webservers/iaab news.htm
102.12.10 09:49 B f:\Internet\Websites\IAABO\default.htm --> ftp.checksix.net /d:/webservers/iaab default.htm
102.12.10 15:10 B f:\Internet\Websites\IAABO\default.htm --> ftp.checksix.net /d:/webservers/iaab default.htm
102.12.10 15:11 B f:\Internet\Websites\IAABO\default.htm --> ftp.checksix.net /d:/webservers/iaab default.htm
102.12.27 13:11 B f:\Internet\Websites\IAABO\default.htm --> ftp.checksix.net /d:/webservers/iaab default.htm
102.12.27 13:20 B f:\Internet\Websites\IAABO\meeting.htm --> ftp.checksix.net /d:/webservers/iaab meeting.htm
102.12.30 10:43 B f:\Internet\Websites\IAABO\news.htm --> ftp.checksix.net /d:/webservers/iaab news.htm
103.01.07 10:53 B f:\Internet\Websites\IAABO\default.htm --> ftp.checksix.net /d:/webservers/iaab default.htm
103.01.13 11:22 B f:\Internet\Websites\IAABO\default.htm --> ftp.checksix.net /d:/webservers/iaab default.htm
103.01.13 11:22 B f:\Internet\Websites\IAABO\news.htm --> ftp.checksix.net /d:/webservers/iaab news.htm
103.01.17 07:54 B f:\Internet\Websites\IAABO\schools.htm --> ftp.checksix.net /d:/webservers/iaab schools.htm
103.01.17 07:54 B f:\Internet\Websites\IAABO\default.htm --> ftp.checksix.net /d:/webservers/iaab default.htm
103.01.22 11:03 B f:\Internet\Websites\IAABO\news.htm --> ftp.checksix.net /d:/webservers/iaab news.htm
103.01.31 13:43 B f:\Internet\Websites\IAABO\schools.htm --> ftp.checksix.net /d:/webservers/iaab schools.htm
103.02.05 10:01 B f:\Internet\Websites\IAABO\schools.htm --> ftp.checksix.net /d:/webservers/iaab schools.htm
103.02.05 10:01 B f:\Internet\Websites\IAABO\rules.htm --> ftp.checksix.net /d:/webservers/iaab rules.htm
103.02.05 10:01 B f:\Internet\Websites\IAABO\meeting.htm --> ftp.checksix.net /d:/webservers/iaab meeting.htm
103.02.05 10:01 B f:\Internet\Websites\IAABO\default.htm --> ftp.checksix.net /d:/webservers/iaab default.htm
103.02.05 10:07 B f:\Internet\Websites\IAABO\news.htm --> ftp.checksix.net /d:/webservers/iaab news.htm
103.02.05 10:07 B f:\Internet\Websites\IAABO\default.htm --> ftp.checksix.net /d:/webservers/iaab default.htm
103.02.05 10:07 B f:\Internet\Websites\IAABO\meeting.htm --> ftp.checksix.net /d:/webservers/iaab meeting.htm
103.02.05 10:07 B f:\Internet\Websites\IAABO\rules.htm --> ftp.checksix.net /d:/webservers/iaab rules.htm
103.02.05 10:07 B f:\Internet\Websites\IAABO\schools.htm --> ftp.checksix.net /d:/webservers/iaab schools.htm
103.02.06 15:22 B f:\Internet\Websites\IAABO\schools.htm --> ftp.checksix.net /d:/webservers/iaab schools.htm
103.02.06 15:22 B f:\Internet\Websites\IAABO\rules.htm --> ftp.checksix.net /d:/webservers/iaab rules.htm
103.02.06 15:22 B f:\Internet\Websites\IAABO\meeting.htm --> ftp.checksix.net /d:/webservers/iaab meeting.htm
103.02.25 10:37 B f:\Internet\Websites\IAABO\default.htm --> ftp.checksix.net /d:/webservers/iaab default.htm
103.03.10 12:27 B f:\Internet\Websites\IAABO\default.htm --> ftp.checksix.net /d:/webservers/iaab default.htm
103.03.10 14:04 B f:\Internet\Websites\IAABO\news.htm --> ftp.checksix.net /d:/webservers/iaab news.htm
103.04.24 11:51 B f:\Internet\Websites\IAABO\default.htm --> ftp.checksix.net /d:/webservers/iaab/events default.htm
103.04.24 11:51 B f:\Internet\Websites\IAABO\meeting.htm --> ftp.checksix.net /d:/webservers/iaab/events meeting.htm
103.04.24 11:51 B f:\Internet\Websites\IAABO\news.htm --> ftp.checksix.net /d:/webservers/iaab/events news.htm
103.04.24 11:51 B f:\Internet\Websites\IAABO\rules.htm --> ftp.checksix.net /d:/webservers/iaab/events rules.htm
103.04.24 11:51 B f:\Internet\Websites\IAABO\schools.htm --> ftp.checksix.net /d:/webservers/iaab/events schools.htm
103.04.24 11:52 B f:\Internet\Websites\IAABO\default.htm --> ftp.checksix.net /d:/webservers/iaab default.htm
103.04.24 11:52 B f:\Internet\Websites\IAABO\meeting.htm --> ftp.checksix.net /d:/webservers/iaab meeting.htm
103.04.24 11:52 B f:\Internet\Websites\IAABO\news.htm --> ftp.checksix.net /d:/webservers/iaab news.htm
103.04.24 11:52 B f:\Internet\Websites\IAABO\rules.htm --> ftp.checksix.net /d:/webservers/iaab rules.htm
103.04.24 11:52 B f:\Internet\Websites\IAABO\schools.htm --> ftp.checksix.net /d:/webservers/iaab schools.htm
103.04.29 13:56 B f:\Internet\Websites\IAABO\default.htm --> ftp.checksix.net /d:/webservers/iaab default.htm
103.07.31 08:05 B f:\Internet\Websites\IAABO\default.htm --> ftp.checksix.net /d:/webservers/iaab default.htm
103.07.31 08:05 B f:\Internet\Websites\IAABO\schools.htm --> ftp.checksix.net /d:/webservers/iaab schools.htm
103.09.30 10:08 B f:\Internet\Websites\IAABO\meeting.htm --> ftp.checksix.net /d:/webservers/iaab meeting.htm
103.09.30 10:08 B f:\Internet\Websites\IAABO\default.htm --> ftp.checksix.net /d:/webservers/iaab default.htm
103.09.30 10:09 B f:\Internet\Websites\IAABO\news.htm --> ftp.checksix.net /d:/webservers/iaab news.htm
103.09.30 10:12 B f:\Internet\Websites\IAABO\news.htm --> ftp.checksix.net /d:/webservers/iaab news.htm
103.09.30 10:15 B f:\Internet\Websites\IAABO\schools.htm --> ftp.checksix.net /d:/webservers/iaab schools.htm
103.09.30 10:15 B f:\Internet\Websites\IAABO\schools.htm --> ftp.checksix.net /d:/webservers/iaab schools.htm
103.09.30 10:15 B f:\Internet\Websites\IAABO\WS_FTP.LOG --> ftp.checksix.net /d:/webservers/iaab WS_FTP.LOG
103.09.30 10:16 B f:\Internet\Websites\IAABO\rules.htm --> ftp.checksix.net /d:/webservers/iaab rules.htm
103.09.30 10:16 B f:\Internet\Websites\IAABO\news.htm --> ftp.checksix.net /d:/webservers/iaab news.htm
103.09.30 10:16 B f:\Internet\Websites\IAABO\meeting.htm --> ftp.checksix.net /d:/webservers/iaab meeting.htm
103.09.30 10:16 B f:\Internet\Websites\IAABO\default.htm --> ftp.checksix.net /d:/webservers/iaab default.htm
103.09.30 10:19 B f:\Internet\Websites\IAABO\news.htm --> ftp.checksix.net /d:/webservers/iaab news.htm
103.10.01 12:07 B f:\Internet\Websites\IAABO\schools.htm --> ftp.checksix.net /d:/webservers/iaab schools.htm
103.10.21 12:24 B f:\Internet\Websites\IAABO\default.htm --> ftp.checksix.net /d:/webservers/iaab default.htm
103.10.22 08:11 B f:\Internet\Websites\IAABO\meeting.htm --> ftp.checksix.net /d:/webservers/iaab meeting.htm
103.11.04 08:29 B f:\Internet\Websites\IAABO\default.htm --> ftp.checksix.net /d:/webservers/iaab default.htm
103.11.04 09:09 B f:\Internet\Websites\IAABO\meeting.htm --> ftp.checksix.net /d:/webservers/iaab meeting.htm
103.11.04 09:13 B f:\Internet\Websites\IAABO\meeting.htm --> ftp.checksix.net /d:/webservers/iaab meeting.htm
103.11.04 09:30 B f:\Internet\Websites\IAABO\meeting.htm --> ftp.checksix.net /d:/webservers/iaab meeting.htm
103.11.04 09:31 B f:\Internet\Websites\IAABO\meeting.htm --> ftp.checksix.net /d:/webservers/iaab meeting.htm
103.11.11 12:07 B f:\Internet\Websites\IAABO\default.htm --> ftp.checksix.net /d:/webservers/iaab default.htm
103.11.11 12:08 B f:\Internet\Websites\IAABO\default.htm --> ftp.checksix.net /d:/webservers/iaab default.htm
103.11.12 11:56 B f:\Internet\Websites\IAABO\rules.htm --> ftp.checksix.net /d:/webservers/iaab rules.htm
103.11.24 13:39 B f:\Internet\Websites\IAABO\default.htm --> ftp.checksix.net /d:/webservers/iaab default.htm
103.11.25 08:27 B f:\Internet\Websites\IAABO\schools.htm --> ftp.checksix.net /d:/webservers/iaab schools.htm
103.12.02 08:36 B f:\Internet\Websites\IAABO\default.htm --> ftp.checksix.net /d:/webservers/iaab default.htm
103.12.02 08:36 B f:\Internet\Websites\IAABO\rules2_subs_11-03.htm --> ftp.checksix.net /d:/webservers/iaab rules2_subs_11-03.htm
103.12.02 08:36 B f:\Internet\Websites\IAABO\rules.htm --> ftp.checksix.net /d:/webservers/iaab rules.htm
103.12.02 08:41 B f:\Internet\Websites\IAABO\default.htm --> ftp.checksix.net /d:/webservers/iaab default.htm
103.12.02 08:41 B f:\Internet\Websites\IAABO\rules2_subs_11-03.htm --> ftp.checksix.net /d:/webservers/iaab rules2_subs_11-03.htm
103.12.02 08:41 B f:\Internet\Websites\IAABO\rules.htm --> ftp.checksix.net /d:/webservers/iaab rules.htm
103.12.02 11:03 B f:\Internet\Websites\IAABO\default.htm --> ftp.checksix.net /d:/webservers/iaab default.htm
103.12.02 11:03 B f:\Internet\Websites\IAABO\news.htm --> ftp.checksix.net /d:/webservers/iaab news.htm
103.12.02 11:03 B f:\Internet\Websites\IAABO\schools.htm --> ftp.checksix.net /d:/webservers/iaab schools.htm
103.12.02 11:03 B f:\Internet\Websites\IAABO\rules.htm --> ftp.checksix.net /d:/webservers/iaab rules.htm
103.12.02 11:03 B f:\Internet\Websites\IAABO\rules2_subs_11-03.htm --> ftp.checksix.net /d:/webservers/iaab rules2_subs_11-03.htm
103.12.17 09:34 B f:\Internet\Websites\IAABO\default.htm --> ftp.checksix.net /d:/webservers/iaab default.htm
103.12.17 09:36 B f:\Internet\Websites\IAABO\default.htm --> ftp.checksix.net /d:/webservers/iaab default.htm
104.01.05 13:37 B f:\Internet\Websites\IAABO\default.htm --> ftp.checksix.net /d:/webservers/iaab default.htm
104.01.05 13:41 B f:\Internet\Websites\IAABO\default.htm --> ftp.checksix.net /d:/webservers/iaab default.htm
104.01.05 13:41 B f:\Internet\Websites\IAABO\default.htm --> ftp.checksix.net /d:/webservers/iaab default.htm
104.01.05 13:41 B f:\Internet\Websites\IAABO\default.htm --> ftp.checksix.net /d:/webservers/iaab default.htm
104.01.06 11:15 B f:\Internet\Websites\IAABO\calendar.htm --> ftp.checksix.net /d:/webservers/iaab calendar.htm
104.01.06 11:15 B f:\Internet\Websites\IAABO\default.htm --> ftp.checksix.net /d:/webservers/iaab default.htm
104.01.12 08:31 B f:\Internet\Websites\IAABO\default.htm --> ftp.checksix.net /d:/webservers/iaab default.htm
104.01.15 12:55 B f:\Internet\Websites\IAABO\techfoul.htm --> ftp.checksix.net /d:/webservers/iaab techfoul.htm
104.01.19 13:08 B f:\Internet\Websites\IAABO\default.htm --> ftp.checksix.net /d:/webservers/iaab default.htm
104.01.19 13:09 B f:\Internet\Websites\IAABO\default.htm --> ftp.checksix.net /d:/webservers/iaab default.htm
104.01.26 11:21 B f:\Internet\Websites\IAABO\default.htm --> ftp.checksix.net /d:/webservers/iaab default.htm
104.01.26 11:21 B f:\Internet\Websites\IAABO\news.htm --> ftp.checksix.net /d:/webservers/iaab news.htm
104.01.26 11:21 B f:\Internet\Websites\IAABO\default.htm --> ftp.checksix.net /d:/webservers/iaab default.htm
104.01.26 11:21 B f:\Internet\Websites\IAABO\news.htm --> ftp.checksix.net /d:/webservers/iaab news.htm
104.01.26 11:22 B f:\Internet\Websites\IAABO\default.htm --> ftp.checksix.net /d:/webservers/iaab default.htm
104.02.05 10:54 B f:\Internet\Websites\IAABO\default.htm --> ftp.checksix.net /d:/webservers/iaab default.htm
104.02.05 10:54 B f:\Internet\Websites\IAABO\news.htm --> ftp.checksix.net /d:/webservers/iaab news.htm
104.02.11 09:27 B f:\Internet\Websites\IAABO\default.htm --> ftp.checksix.net /d:/webservers/iaab default.htm
104.02.11 09:27 B f:\Internet\Websites\IAABO\news.htm --> ftp.checksix.net /d:/webservers/iaab news.htm
104.02.11 09:28 B f:\Internet\Websites\IAABO\news.htm --> ftp.checksix.net /d:/webservers/iaab news.htm
104.02.11 09:30 B f:\Internet\Websites\IAABO\news.htm --> ftp.checksix.net /d:/webservers/iaab news.htm
104.02.11 09:35 B f:\Internet\Websites\IAABO\schools.htm --> ftp.checksix.net /d:/webservers/iaab schools.htm
104.03.23 10:21 B f:\Internet\Websites\IAABO\default.htm --> ftp.checksix.net /d:/webservers/iaab default.htm
104.03.23 10:23 B f:\Internet\Websites\IAABO\news.htm --> ftp.checksix.net /d:/webservers/iaab news.htm
104.03.23 10:24 B f:\Internet\Websites\IAABO\default.htm --> ftp.checksix.net /d:/webservers/iaab default.htm
104.04.02 08:35 B f:\Internet\Websites\IAABO\default.htm --> ftp.checksix.net /d:/webservers/iaab default.htm
104.04.02 08:35 B f:\Internet\Websites\IAABO\news.htm --> ftp.checksix.net /d:/webservers/iaab news.htm
104.04.02 08:35 B f:\Internet\Websites\IAABO\meeting.htm --> ftp.checksix.net /d:/webservers/iaab meeting.htm
104.04.02 08:36 B f:\Internet\Websites\IAABO\default.htm --> ftp.checksix.net /d:/webservers/iaab default.htm
104.04.02 08:40 B f:\Internet\Websites\IAABO\news.htm --> ftp.checksix.net /d:/webservers/iaab news.htm
104.04.02 08:42 B f:\Internet\Websites\IAABO\default.htm --> ftp.checksix.net /d:/webservers/iaab default.htm
104.04.02 13:27 B f:\Internet\Websites\IAABO\default.htm --> ftp.checksix.net /d:/webservers/iaab default.htm
104.04.02 13:35 B f:\Internet\Websites\IAABO\default.htm --> ftp.checksix.net /d:/webservers/iaab default.htm
104.04.02 13:35 B f:\Internet\Websites\IAABO\default.htm --> ftp.checksix.net /d:/webservers/iaab default.htm
104.04.02 13:36 B f:\Internet\Websites\IAABO\default.htm --> ftp.checksix.net /d:/webservers/iaab default.htm
104.04.14 07:51 B f:\Internet\Websites\IAABO\default.htm --> ftp.checksix.net /d:/webservers/iaab default.htm
104.05.06 12:02 B f:\Internet\Websites\IAABO\calendar.htm --> ftp.checksix.net /d:/webservers/iaab calendar.htm
104.05.06 12:02 B f:\Internet\Websites\IAABO\schools.htm --> ftp.checksix.net /d:/webservers/iaab schools.htm
104.05.06 12:02 B f:\Internet\Websites\IAABO\rules2_subs_11-03.htm --> ftp.checksix.net /d:/webservers/iaab rules2_subs_11-03.htm
104.05.06 12:02 B f:\Internet\Websites\IAABO\rules.htm --> ftp.checksix.net /d:/webservers/iaab rules.htm
104.05.06 12:02 B f:\Internet\Websites\IAABO\default.htm --> ftp.checksix.net /d:/webservers/iaab default.htm
104.05.06 12:02 B f:\Internet\Websites\IAABO\meeting.htm --> ftp.checksix.net /d:/webservers/iaab meeting.htm
104.05.06 12:02 B f:\Internet\Websites\IAABO\techfoul.htm --> ftp.checksix.net /d:/webservers/iaab techfoul.htm
104.05.06 12:02 B f:\Internet\Websites\IAABO\news.htm --> ftp.checksix.net /d:/webservers/iaab news.htm
104.05.06 12:03 B f:\Internet\Websites\IAABO\news.htm --> ftp.checksix.net /d:/webservers/iaab news.htm
104.05.13 16:12 B f:\Internet\Websites\IAABO\default.htm --> ftp.checksix.net /d:/webservers/iaab default.htm
104.05.13 16:16 B f:\Internet\Websites\IAABO\default.htm --> ftp.checksix.net /d:/webservers/iaab default.htm
104.05.13 16:16 B f:\Internet\Websites\IAABO\default.htm --> ftp.checksix.net /d:/webservers/iaab default.htm
104.05.13 16:17 B f:\Internet\Websites\IAABO\default.htm --> ftp.checksix.net /d:/webservers/iaab default.htm
104.05.18 11:36 B f:\Internet\Websites\IAABO\index.htm --> 208.56.178.93 /iaabo111-www index.htm
104.05.18 11:36 B f:\Internet\Websites\IAABO\news.htm --> 208.56.178.93 /iaabo111-www news.htm
104.05.18 11:36 B f:\Internet\Websites\IAABO\calendar.htm --> 208.56.178.93 /iaabo111-www calendar.htm
104.05.18 11:36 B f:\Internet\Websites\IAABO\schools.htm --> 208.56.178.93 /iaabo111-www schools.htm
104.05.18 11:42 B f:\Internet\Websites\IAABO\rules.htm --> 208.56.178.93 /iaabo111-www rules.htm
104.05.18 11:42 B f:\Internet\Websites\IAABO\rules2_subs_11-03.htm --> 208.56.178.93 /iaabo111-www rules2_subs_11-03.htm
104.06.07 13:19 B f:\Internet\Websites\IAABO\form-thx.htm --> 208.56.178.93 /iaabo111-www form-thx.htm
104.06.07 13:20 B f:\Internet\Websites\IAABO\form-thx.htm --> 208.56.178.93 /iaabo111-www form-thx.htm
104.06.07 14:21 B f:\Internet\Websites\IAABO\calendar.htm --> 208.56.178.93 /iaabo111-www calendar.htm
104.06.07 14:21 B f:\Internet\Websites\IAABO\form-thx.htm --> 208.56.178.93 /iaabo111-www form-thx.htm
104.06.07 14:21 B f:\Internet\Websites\IAABO\index.htm --> 208.56.178.93 /iaabo111-www index.htm
104.06.07 14:21 B f:\Internet\Websites\IAABO\meeting.htm --> 208.56.178.93 /iaabo111-www meeting.htm
104.06.07 14:21 B f:\Internet\Websites\IAABO\news.htm --> 208.56.178.93 /iaabo111-www news.htm
104.06.07 14:21 B f:\Internet\Websites\IAABO\rules.htm --> 208.56.178.93 /iaabo111-www rules.htm
104.06.07 14:21 B f:\Internet\Websites\IAABO\rules2_subs_11-03.htm --> 208.56.178.93 /iaabo111-www rules2_subs_11-03.htm
104.06.07 14:21 B f:\Internet\Websites\IAABO\schools.htm --> 208.56.178.93 /iaabo111-www schools.htm
104.06.07 14:21 B f:\Internet\Websites\IAABO\techfoul.htm --> 208.56.178.93 /iaabo111-www techfoul.htm
104.06.07 14:35 B f:\Internet\Websites\IAABO\index.htm --> 208.56.178.93 /iaabo111-www index.htm
104.06.07 14:35 B f:\Internet\Websites\IAABO\rules2_subs_11-03.htm --> 208.56.178.93 /iaabo111-www rules2_subs_11-03.htm
104.06.07 14:35 B f:\Internet\Websites\IAABO\rules.htm --> 208.56.178.93 /iaabo111-www rules.htm
104.06.07 14:35 B f:\Internet\Websites\IAABO\meeting.htm --> 208.56.178.93 /iaabo111-www meeting.htm
104.06.11 09:29 B f:\Internet\Websites\IAABO\address-change.htm --> 208.56.178.93 /iaabo111-www address-change.htm
104.06.11 09:29 B f:\Internet\Websites\IAABO\index.htm --> 208.56.178.93 /iaabo111-www index.htm
104.06.11 09:30 B f:\Internet\Websites\IAABO\index.htm --> 208.56.178.93 /iaabo111-www index.htm
104.06.11 09:33 B f:\Internet\Websites\IAABO\address-change.htm --> 208.56.178.93 /iaabo111-www address-change.htm
104.07.02 11:34 B f:\Internet\Websites\IAABO\index.htm --> 208.56.178.93 /iaabo111-www index.htm
104.07.02 11:35 B f:\Internet\Websites\IAABO\news.htm --> 208.56.178.93 /iaabo111-www news.htm
104.08.20 10:11 B f:\Internet\Websites\IAABO\new-schools.htm --> 208.56.178.93 /iaabo111-www new-schools.htm
104.08.20 10:39 B f:\Internet\Websites\IAABO\new-schools.htm --> 208.56.178.93 /iaabo111-www new-schools.htm
104.08.20 10:39 B f:\Internet\Websites\IAABO\directory-frame.htm --> 208.56.178.93 /iaabo111-www directory-frame.htm
